<?xml version="1.0" encoding="UTF-8"?>
<testsuite xmlns:xsi="http://www.w3.org/2001/XMLSchema-instance" xsi:noNamespaceSchemaLocation="https://maven.apache.org/surefire/maven-surefire-plugin/xsd/surefire-test-report-3.0.xsd" version="3.0" name="TestSuite" time="15.073" tests="5" errors="0" skipped="0" failures="0">
  <properties>
    <property name="sun.desktop" value="windows"/>
    <property name="awt.toolkit" value="sun.awt.windows.WToolkit"/>
    <property name="file.encoding.pkg" value="sun.io"/>
    <property name="java.specification.version" value="1.8"/>
    <property name="sun.cpu.isalist" value="amd64"/>
    <property name="sun.jnu.encoding" value="Cp1252"/>
    <property name="java.class.path" value="C:\Users\pravash\Desktop\SeleniumWorkspace\TwitterAPI\target\test-classes;C:\Users\pravash\Desktop\SeleniumWorkspace\TwitterAPI\target\classes;C:\Users\pravash\.m2\repository\io\rest-assured\rest-assured\4.3.3\rest-assured-4.3.3.jar;C:\Users\pravash\.m2\repository\org\codehaus\groovy\groovy\3.0.7\groovy-3.0.7.jar;C:\Users\pravash\.m2\repository\org\codehaus\groovy\groovy-xml\3.0.7\groovy-xml-3.0.7.jar;C:\Users\pravash\.m2\repository\org\apache\httpcomponents\httpclient\4.5.3\httpclient-4.5.3.jar;C:\Users\pravash\.m2\repository\org\apache\httpcomponents\httpcore\4.4.6\httpcore-4.4.6.jar;C:\Users\pravash\.m2\repository\commons-logging\commons-logging\1.2\commons-logging-1.2.jar;C:\Users\pravash\.m2\repository\commons-codec\commons-codec\1.9\commons-codec-1.9.jar;C:\Users\pravash\.m2\repository\org\apache\httpcomponents\httpmime\4.5.3\httpmime-4.5.3.jar;C:\Users\pravash\.m2\repository\org\hamcrest\hamcrest\2.1\hamcrest-2.1.jar;C:\Users\pravash\.m2\repository\org\ccil\cowan\tagsoup\tagsoup\1.2.1\tagsoup-1.2.1.jar;C:\Users\pravash\.m2\repository\io\rest-assured\json-path\4.3.3\json-path-4.3.3.jar;C:\Users\pravash\.m2\repository\org\codehaus\groovy\groovy-json\3.0.7\groovy-json-3.0.7.jar;C:\Users\pravash\.m2\repository\io\rest-assured\rest-assured-common\4.3.3\rest-assured-common-4.3.3.jar;C:\Users\pravash\.m2\repository\io\rest-assured\xml-path\4.3.3\xml-path-4.3.3.jar;C:\Users\pravash\.m2\repository\org\apache\commons\commons-lang3\3.11\commons-lang3-3.11.jar;C:\Users\pravash\.m2\repository\jakarta\xml\bind\jakarta.xml.bind-api\2.3.3\jakarta.xml.bind-api-2.3.3.jar;C:\Users\pravash\.m2\repository\jakarta\activation\jakarta.activation-api\1.2.2\jakarta.activation-api-1.2.2.jar;C:\Users\pravash\.m2\repository\com\sun\xml\bind\jaxb-impl\2.3.3\jaxb-impl-2.3.3.jar;C:\Users\pravash\.m2\repository\org\testng\testng\7.3.0\testng-7.3.0.jar;C:\Users\pravash\.m2\repository\org\apache\ant\ant\1.10.3\ant-1.10.3.jar;C:\Users\pravash\.m2\repository\org\apache\ant\ant-launcher\1.10.3\ant-launcher-1.10.3.jar;C:\Users\pravash\.m2\repository\junit\junit\4.12\junit-4.12.jar;C:\Users\pravash\.m2\repository\org\hamcrest\hamcrest-core\1.3\hamcrest-core-1.3.jar;C:\Users\pravash\.m2\repository\com\google\inject\guice\4.2.2\guice-4.2.2-no_aop.jar;C:\Users\pravash\.m2\repository\javax\inject\javax.inject\1\javax.inject-1.jar;C:\Users\pravash\.m2\repository\aopalliance\aopalliance\1.0\aopalliance-1.0.jar;C:\Users\pravash\.m2\repository\com\google\guava\guava\25.1-android\guava-25.1-android.jar;C:\Users\pravash\.m2\repository\org\checkerframework\checker-compat-qual\2.0.0\checker-compat-qual-2.0.0.jar;C:\Users\pravash\.m2\repository\com\google\errorprone\error_prone_annotations\2.1.3\error_prone_annotations-2.1.3.jar;C:\Users\pravash\.m2\repository\com\google\j2objc\j2objc-annotations\1.1\j2objc-annotations-1.1.jar;C:\Users\pravash\.m2\repository\org\codehaus\mojo\animal-sniffer-annotations\1.14\animal-sniffer-annotations-1.14.jar;C:\Users\pravash\.m2\repository\org\yaml\snakeyaml\1.21\snakeyaml-1.21.jar;C:\Users\pravash\.m2\repository\com\beust\jcommander\1.78\jcommander-1.78.jar;C:\Users\pravash\.m2\repository\org\codehaus\groovy\groovy-all\2.4.12\groovy-all-2.4.12.jar;C:\Users\pravash\.m2\repository\io\rest-assured\json-schema-validator\4.3.3\json-schema-validator-4.3.3.jar;C:\Users\pravash\.m2\repository\com\github\java-json-tools\json-schema-validator\2.2.14\json-schema-validator-2.2.14.jar;C:\Users\pravash\.m2\repository\com\github\java-json-tools\jackson-coreutils-equivalence\1.0\jackson-coreutils-equivalence-1.0.jar;C:\Users\pravash\.m2\repository\com\fasterxml\jackson\core\jackson-databind\2.11.0\jackson-databind-2.11.0.jar;C:\Users\pravash\.m2\repository\com\fasterxml\jackson\core\jackson-annotations\2.11.0\jackson-annotations-2.11.0.jar;C:\Users\pravash\.m2\repository\com\fasterxml\jackson\core\jackson-core\2.11.0\jackson-core-2.11.0.jar;C:\Users\pravash\.m2\repository\com\github\java-json-tools\jackson-coreutils\2.0\jackson-coreutils-2.0.jar;C:\Users\pravash\.m2\repository\com\github\java-json-tools\msg-simple\1.2\msg-simple-1.2.jar;C:\Users\pravash\.m2\repository\com\github\java-json-tools\btf\1.3\btf-1.3.jar;C:\Users\pravash\.m2\repository\com\github\java-json-tools\json-schema-core\1.2.14\json-schema-core-1.2.14.jar;C:\Users\pravash\.m2\repository\com\github\java-json-tools\uri-template\0.10\uri-template-0.10.jar;C:\Users\pravash\.m2\repository\org\mozilla\rhino\1.7.7.2\rhino-1.7.7.2.jar;C:\Users\pravash\.m2\repository\com\sun\mail\mailapi\1.6.2\mailapi-1.6.2.jar;C:\Users\pravash\.m2\repository\joda-time\joda-time\2.10.5\joda-time-2.10.5.jar;C:\Users\pravash\.m2\repository\com\googlecode\libphonenumber\libphonenumber\8.11.1\libphonenumber-8.11.1.jar;C:\Users\pravash\.m2\repository\com\google\code\findbugs\jsr305\3.0.2\jsr305-3.0.2.jar;C:\Users\pravash\.m2\repository\net\sf\jopt-simple\jopt-simple\5.0.4\jopt-simple-5.0.4.jar;C:\Users\pravash\.m2\repository\com\github\scribejava\scribejava-apis\2.5.3\scribejava-apis-2.5.3.jar;C:\Users\pravash\.m2\repository\com\github\scribejava\scribejava-core\2.5.3\scribejava-core-2.5.3.jar;"/>
    <property name="java.vm.vendor" value="Oracle Corporation"/>
    <property name="sun.arch.data.model" value="64"/>
    <property name="user.variant" value=""/>
    <property name="java.vendor.url" value="http://java.oracle.com/"/>
    <property name="user.timezone" value="Asia/Calcutta"/>
    <property name="java.vm.specification.version" value="1.8"/>
    <property name="os.name" value="Windows 10"/>
    <property name="user.country" value="US"/>
    <property name="sun.java.launcher" value="SUN_STANDARD"/>
    <property name="sun.boot.library.path" value="C:\Program Files\Java\jdk1.8.0_181\jre\bin"/>
    <property name="sun.java.command" value="C:\Users\pravash\AppData\Local\Temp\surefire1600343155845184858\surefirebooter2878180081620119291.jar C:\Users\pravash\AppData\Local\Temp\surefire1600343155845184858 2020-12-24T11-35-41_013-jvmRun1 surefire8471873781398462007tmp surefire_01102946196502271926tmp"/>
    <property name="surefire.test.class.path" value="C:\Users\pravash\Desktop\SeleniumWorkspace\TwitterAPI\target\test-classes;C:\Users\pravash\Desktop\SeleniumWorkspace\TwitterAPI\target\classes;C:\Users\pravash\.m2\repository\io\rest-assured\rest-assured\4.3.3\rest-assured-4.3.3.jar;C:\Users\pravash\.m2\repository\org\codehaus\groovy\groovy\3.0.7\groovy-3.0.7.jar;C:\Users\pravash\.m2\repository\org\codehaus\groovy\groovy-xml\3.0.7\groovy-xml-3.0.7.jar;C:\Users\pravash\.m2\repository\org\apache\httpcomponents\httpclient\4.5.3\httpclient-4.5.3.jar;C:\Users\pravash\.m2\repository\org\apache\httpcomponents\httpcore\4.4.6\httpcore-4.4.6.jar;C:\Users\pravash\.m2\repository\commons-logging\commons-logging\1.2\commons-logging-1.2.jar;C:\Users\pravash\.m2\repository\commons-codec\commons-codec\1.9\commons-codec-1.9.jar;C:\Users\pravash\.m2\repository\org\apache\httpcomponents\httpmime\4.5.3\httpmime-4.5.3.jar;C:\Users\pravash\.m2\repository\org\hamcrest\hamcrest\2.1\hamcrest-2.1.jar;C:\Users\pravash\.m2\repository\org\ccil\cowan\tagsoup\tagsoup\1.2.1\tagsoup-1.2.1.jar;C:\Users\pravash\.m2\repository\io\rest-assured\json-path\4.3.3\json-path-4.3.3.jar;C:\Users\pravash\.m2\repository\org\codehaus\groovy\groovy-json\3.0.7\groovy-json-3.0.7.jar;C:\Users\pravash\.m2\repository\io\rest-assured\rest-assured-common\4.3.3\rest-assured-common-4.3.3.jar;C:\Users\pravash\.m2\repository\io\rest-assured\xml-path\4.3.3\xml-path-4.3.3.jar;C:\Users\pravash\.m2\repository\org\apache\commons\commons-lang3\3.11\commons-lang3-3.11.jar;C:\Users\pravash\.m2\repository\jakarta\xml\bind\jakarta.xml.bind-api\2.3.3\jakarta.xml.bind-api-2.3.3.jar;C:\Users\pravash\.m2\repository\jakarta\activation\jakarta.activation-api\1.2.2\jakarta.activation-api-1.2.2.jar;C:\Users\pravash\.m2\repository\com\sun\xml\bind\jaxb-impl\2.3.3\jaxb-impl-2.3.3.jar;C:\Users\pravash\.m2\repository\org\testng\testng\7.3.0\testng-7.3.0.jar;C:\Users\pravash\.m2\repository\org\apache\ant\ant\1.10.3\ant-1.10.3.jar;C:\Users\pravash\.m2\repository\org\apache\ant\ant-launcher\1.10.3\ant-launcher-1.10.3.jar;C:\Users\pravash\.m2\repository\junit\junit\4.12\junit-4.12.jar;C:\Users\pravash\.m2\repository\org\hamcrest\hamcrest-core\1.3\hamcrest-core-1.3.jar;C:\Users\pravash\.m2\repository\com\google\inject\guice\4.2.2\guice-4.2.2-no_aop.jar;C:\Users\pravash\.m2\repository\javax\inject\javax.inject\1\javax.inject-1.jar;C:\Users\pravash\.m2\repository\aopalliance\aopalliance\1.0\aopalliance-1.0.jar;C:\Users\pravash\.m2\repository\com\google\guava\guava\25.1-android\guava-25.1-android.jar;C:\Users\pravash\.m2\repository\org\checkerframework\checker-compat-qual\2.0.0\checker-compat-qual-2.0.0.jar;C:\Users\pravash\.m2\repository\com\google\errorprone\error_prone_annotations\2.1.3\error_prone_annotations-2.1.3.jar;C:\Users\pravash\.m2\repository\com\google\j2objc\j2objc-annotations\1.1\j2objc-annotations-1.1.jar;C:\Users\pravash\.m2\repository\org\codehaus\mojo\animal-sniffer-annotations\1.14\animal-sniffer-annotations-1.14.jar;C:\Users\pravash\.m2\repository\org\yaml\snakeyaml\1.21\snakeyaml-1.21.jar;C:\Users\pravash\.m2\repository\com\beust\jcommander\1.78\jcommander-1.78.jar;C:\Users\pravash\.m2\repository\org\codehaus\groovy\groovy-all\2.4.12\groovy-all-2.4.12.jar;C:\Users\pravash\.m2\repository\io\rest-assured\json-schema-validator\4.3.3\json-schema-validator-4.3.3.jar;C:\Users\pravash\.m2\repository\com\github\java-json-tools\json-schema-validator\2.2.14\json-schema-validator-2.2.14.jar;C:\Users\pravash\.m2\repository\com\github\java-json-tools\jackson-coreutils-equivalence\1.0\jackson-coreutils-equivalence-1.0.jar;C:\Users\pravash\.m2\repository\com\fasterxml\jackson\core\jackson-databind\2.11.0\jackson-databind-2.11.0.jar;C:\Users\pravash\.m2\repository\com\fasterxml\jackson\core\jackson-annotations\2.11.0\jackson-annotations-2.11.0.jar;C:\Users\pravash\.m2\repository\com\fasterxml\jackson\core\jackson-core\2.11.0\jackson-core-2.11.0.jar;C:\Users\pravash\.m2\repository\com\github\java-json-tools\jackson-coreutils\2.0\jackson-coreutils-2.0.jar;C:\Users\pravash\.m2\repository\com\github\java-json-tools\msg-simple\1.2\msg-simple-1.2.jar;C:\Users\pravash\.m2\repository\com\github\java-json-tools\btf\1.3\btf-1.3.jar;C:\Users\pravash\.m2\repository\com\github\java-json-tools\json-schema-core\1.2.14\json-schema-core-1.2.14.jar;C:\Users\pravash\.m2\repository\com\github\java-json-tools\uri-template\0.10\uri-template-0.10.jar;C:\Users\pravash\.m2\repository\org\mozilla\rhino\1.7.7.2\rhino-1.7.7.2.jar;C:\Users\pravash\.m2\repository\com\sun\mail\mailapi\1.6.2\mailapi-1.6.2.jar;C:\Users\pravash\.m2\repository\joda-time\joda-time\2.10.5\joda-time-2.10.5.jar;C:\Users\pravash\.m2\repository\com\googlecode\libphonenumber\libphonenumber\8.11.1\libphonenumber-8.11.1.jar;C:\Users\pravash\.m2\repository\com\google\code\findbugs\jsr305\3.0.2\jsr305-3.0.2.jar;C:\Users\pravash\.m2\repository\net\sf\jopt-simple\jopt-simple\5.0.4\jopt-simple-5.0.4.jar;C:\Users\pravash\.m2\repository\com\github\scribejava\scribejava-apis\2.5.3\scribejava-apis-2.5.3.jar;C:\Users\pravash\.m2\repository\com\github\scribejava\scribejava-core\2.5.3\scribejava-core-2.5.3.jar;"/>
    <property name="sun.cpu.endian" value="little"/>
    <property name="user.home" value="C:\Users\pravash"/>
    <property name="user.language" value="en"/>
    <property name="java.specification.vendor" value="Oracle Corporation"/>
    <property name="java.home" value="C:\Program Files\Java\jdk1.8.0_181\jre"/>
    <property name="basedir" value="C:\Users\pravash\Desktop\SeleniumWorkspace\TwitterAPI"/>
    <property name="file.separator" value="\"/>
    <property name="line.separator" value="&#10;"/>
    <property name="java.vm.specification.vendor" value="Oracle Corporation"/>
    <property name="java.specification.name" value="Java Platform API Specification"/>
    <property name="java.awt.graphicsenv" value="sun.awt.Win32GraphicsEnvironment"/>
    <property name="surefire.real.class.path" value="C:\Users\pravash\AppData\Local\Temp\surefire1600343155845184858\surefirebooter2878180081620119291.jar"/>
    <property name="sun.boot.class.path" value="C:\Program Files\Java\jdk1.8.0_181\jre\lib\resources.jar;C:\Program Files\Java\jdk1.8.0_181\jre\lib\rt.jar;C:\Program Files\Java\jdk1.8.0_181\jre\lib\sunrsasign.jar;C:\Program Files\Java\jdk1.8.0_181\jre\lib\jsse.jar;C:\Program Files\Java\jdk1.8.0_181\jre\lib\jce.jar;C:\Program Files\Java\jdk1.8.0_181\jre\lib\charsets.jar;C:\Program Files\Java\jdk1.8.0_181\jre\lib\jfr.jar;C:\Program Files\Java\jdk1.8.0_181\jre\classes"/>
    <property name="user.script" value=""/>
    <property name="sun.management.compiler" value="HotSpot 64-Bit Tiered Compilers"/>
    <property name="java.runtime.version" value="1.8.0_181-b13"/>
    <property name="user.name" value="pravash"/>
    <property name="path.separator" value=";"/>
    <property name="os.version" value="10.0"/>
    <property name="java.endorsed.dirs" value="C:\Program Files\Java\jdk1.8.0_181\jre\lib\endorsed"/>
    <property name="java.runtime.name" value="Java(TM) SE Runtime Environment"/>
    <property name="file.encoding" value="Cp1252"/>
    <property name="java.vm.name" value="Java HotSpot(TM) 64-Bit Server VM"/>
    <property name="localRepository" value="C:\Users\pravash\.m2\repository"/>
    <property name="java.vendor.url.bug" value="http://bugreport.sun.com/bugreport/"/>
    <property name="java.io.tmpdir" value="C:\Users\pravash\AppData\Local\Temp\"/>
    <property name="java.version" value="1.8.0_181"/>
    <property name="user.dir" value="C:\Users\pravash\Desktop\SeleniumWorkspace\TwitterAPI"/>
    <property name="os.arch" value="amd64"/>
    <property name="java.vm.specification.name" value="Java Virtual Machine Specification"/>
    <property name="java.awt.printerjob" value="sun.awt.windows.WPrinterJob"/>
    <property name="sun.os.patch.level" value=""/>
    <property name="java.library.path" value="C:\Program Files\Java\jdk1.8.0_181\jre\bin;C:\WINDOWS\Sun\Java\bin;C:\WINDOWS\system32;C:\WINDOWS;C:\Program Files (x86)\VMware\VMware Player\bin\;C:\oracle\product\10.2.0\db_1\bin;C:\Program Files (x86)\Common Files\Oracle\Java\javapath;C:\WINDOWS\system32;C:\WINDOWS;C:\WINDOWS\System32\Wbem;C:\WINDOWS\System32\WindowsPowerShell\v1.0\;C:\Program Files\Java\jdk1.8.0_181\bin;C:\Program Files\nodejs\;C:\WINDOWS\System32\OpenSSH\;C:\Users\pravash\AppData\Local\Programs\Python\Python38;C:\Users\pravash\AppData\Local\Programs\Python\Python38\python.exe;C:\Program Files\Git\cmd;C:\Program Files\apache-maven-3.6.3\bin;C:\Users\pravash\AppData\Local\Android\Sdk\tools\bin;C:\Users\pravash\AppData\Local\Android\Sdk\tools;C:\Users\pravash\AppData\Local\Android\Sdk\platform-tools;C:\Users\pravash\AppData\Local\Programs\Microsoft VS Code\bin;C:\Users\pravash\AppData\Roaming\npm;C:\Users\pravash\AppData\Local\Microsoft\WindowsApps;C:\Users\pravash\AppData\Local\Programs\Python\Python38\Lib\site-packages;;."/>
    <property name="java.vm.info" value="mixed mode"/>
    <property name="java.vendor" value="Oracle Corporation"/>
    <property name="java.vm.version" value="25.181-b13"/>
    <property name="java.ext.dirs" value="C:\Program Files\Java\jdk1.8.0_181\jre\lib\ext;C:\WINDOWS\Sun\Java\lib\ext"/>
    <property name="sun.io.unicode.encoding" value="UnicodeLittle"/>
    <property name="java.class.version" value="52.0"/>
  </properties>
  <testcase name="userTimeLine" classname="com.letKodeIt.statuses.usertimelinetest" time="3.552">
    <system-out><![CDATA[HTTP/1.1 200 OK
cache-control: no-cache, no-store, must-revalidate, pre-check=0, post-check=0
content-disposition: attachment; filename=json.json
content-encoding: gzip
content-length: 28
content-type: application/json;charset=utf-8
date: Thu, 24 Dec 2020 06:05:50 GMT
expires: Tue, 31 Mar 1981 05:00:00 GMT
last-modified: Thu, 24 Dec 2020 06:05:50 GMT
pragma: no-cache
server: tsa_k
set-cookie: personalization_id="v1_X35vWEJsNT78gdYpOIdzsA=="; Max-Age=63072000; Expires=Sat, 24 Dec 2022 06:05:50 GMT; Path=/; Domain=.twitter.com; Secure; SameSite=None
set-cookie: lang=en; Path=/
set-cookie: guest_id=v1%3A160878995026423429; Max-Age=63072000; Expires=Sat, 24 Dec 2022 06:05:50 GMT; Path=/; Domain=.twitter.com; Secure; SameSite=None
status: 200 OK
strict-transport-security: max-age=631138519
x-access-level: read-write
x-app-rate-limit-limit: 100000
x-app-rate-limit-remaining: 99995
x-app-rate-limit-reset: 1608875800
x-connection-hash: 41b182409cd6d77e8a64ede2b8fd3a80
x-content-type-options: nosniff
x-frame-options: SAMEORIGIN
x-rate-limit-limit: 900
x-rate-limit-remaining: 895
x-rate-limit-reset: 1608790300
x-response-time: 193
x-transaction: 008571cd00c1179f
x-twitter-response-tags: BouncerCompliant
x-xss-protection: 0

[
    
]
]]></system-out>
  </testcase>
  <testcase name="userTimeLine2" classname="com.letKodeIt.statuses.usertimelinetest" time="1.716">
    <system-out><![CDATA[HTTP/1.1 200 OK
cache-control: no-cache, no-store, must-revalidate, pre-check=0, post-check=0
content-disposition: attachment; filename=json.json
content-encoding: gzip
content-length: 28
content-type: application/json;charset=utf-8
date: Thu, 24 Dec 2020 06:05:51 GMT
expires: Tue, 31 Mar 1981 05:00:00 GMT
last-modified: Thu, 24 Dec 2020 06:05:51 GMT
pragma: no-cache
server: tsa_k
set-cookie: personalization_id="v1_N0wglzXk9k0tzwUyUgDNtg=="; Max-Age=63072000; Expires=Sat, 24 Dec 2022 06:05:51 GMT; Path=/; Domain=.twitter.com; Secure; SameSite=None
set-cookie: lang=en; Path=/
set-cookie: guest_id=v1%3A160878995137896319; Max-Age=63072000; Expires=Sat, 24 Dec 2022 06:05:51 GMT; Path=/; Domain=.twitter.com; Secure; SameSite=None
status: 200 OK
strict-transport-security: max-age=631138519
x-access-level: read-write
x-app-rate-limit-limit: 100000
x-app-rate-limit-remaining: 99994
x-app-rate-limit-reset: 1608875800
x-connection-hash: aa05341e3dbf6cd2da6dcfee6acc4829
x-content-type-options: nosniff
x-frame-options: SAMEORIGIN
x-rate-limit-limit: 900
x-rate-limit-remaining: 894
x-rate-limit-reset: 1608790300
x-response-time: 196
x-transaction: 004ec4050027bfc4
x-twitter-response-tags: BouncerCompliant
x-xss-protection: 0

[
    
]
]]></system-out>
  </testcase>
  <testcase name="postTweet" classname="com.letKodeIt.statuses.TwitterEndToEndWorkflow" time="0.862">
    <system-out><![CDATA[The response.path: 1341988446236110850
]]></system-out>
  </testcase>
  <testcase name="readTweet" classname="com.letKodeIt.statuses.TwitterEndToEndWorkflow" time="1.854">
    <system-out><![CDATA[The tweet text is: My First Tweet
]]></system-out>
  </testcase>
  <testcase name="deleteTweet" classname="com.letKodeIt.statuses.TwitterEndToEndWorkflow" time="4.06"/>
</testsuite>