<?xml version="1.0" encoding="UTF-8"?>
<!-- Generated by org.testng.reporters.JUnitReportReporter -->
<testsuite skipped="0" hostname="Aditya" name="com.letKodeIt.statuses.TwitterEndToEndWorkflow" tests="3" failures="0" timestamp="2020-12-24T11:29:40 IST" time="3.689" errors="0">
  <testcase name="postTweet" time="2.256" classname="com.letKodeIt.statuses.TwitterEndToEndWorkflow"/>
  <system-out/>
  <testcase name="readTweet" time="0.653" classname="com.letKodeIt.statuses.TwitterEndToEndWorkflow"/>
  <system-out/>
  <testcase name="deleteTweet" time="0.780" classname="com.letKodeIt.statuses.TwitterEndToEndWorkflow"/>
  <system-out/>
</testsuite> <!-- com.letKodeIt.statuses.TwitterEndToEndWorkflow -->
