<?xml version="1.0" encoding="UTF-8"?>
<!-- Generated by org.testng.reporters.JUnitReportReporter -->
<testsuite skipped="0" hostname="Aditya" name="com.letKodeIt.statuses.TwitterEndToEndWorkflowFrameWork" tests="3" failures="0" timestamp="2020-12-23T02:13:21 IST" time="5.855" errors="0">
  <testcase name="readTweet" time="1.615" classname="com.letKodeIt.statuses.TwitterEndToEndWorkflowFrameWork"/>
  <system-out/>
  <testcase name="postTweet" time="3.627" classname="com.letKodeIt.statuses.TwitterEndToEndWorkflowFrameWork"/>
  <system-out/>
  <testcase name="deleteTweet" time="0.613" classname="com.letKodeIt.statuses.TwitterEndToEndWorkflowFrameWork"/>
  <system-out/>
</testsuite> <!-- com.letKodeIt.statuses.TwitterEndToEndWorkflowFrameWork -->
