<?xml version="1.0" encoding="UTF-8"?>
<!-- Generated by org.testng.reporters.JUnitReportReporter -->
<testsuite skipped="0" hostname="Aditya" name="com.letKodeIt.statuses.SpecificationWithTime" tests="1" failures="0" timestamp="2020-12-22T23:49:08 IST" time="3.512" errors="0">
  <testcase name="readTweets" time="3.512" classname="com.letKodeIt.statuses.SpecificationWithTime"/>
  <system-out/>
</testsuite> <!-- com.letKodeIt.statuses.SpecificationWithTime -->
