<?xml version="1.0" encoding="UTF-8"?>
<!-- Generated by org.testng.reporters.JUnitReportReporter -->
<testsuite skipped="0" hostname="Aditya" name="com.letKodeIt.statuses.usertimelinetest" tests="2" failures="0" timestamp="2020-12-24T11:29:40 IST" time="4.771" errors="0">
  <testcase name="userTimeLine2" time="1.892" classname="com.letKodeIt.statuses.usertimelinetest"/>
  <system-out/>
  <testcase name="userTimeLine" time="2.879" classname="com.letKodeIt.statuses.usertimelinetest"/>
  <system-out/>
</testsuite> <!-- com.letKodeIt.statuses.usertimelinetest -->
