<?xml version="1.0" encoding="UTF-8"?>
<!-- Generated by org.testng.reporters.JUnitReportReporter -->
<testsuite skipped="0" hostname="Aditya" name="com.letKodeIt.statuses.usertimelinetest" tests="2" failures="0" timestamp="2020-12-24T11:35:58 IST" time="5.086" errors="0">
  <testcase name="userTimeLine2" time="1.666" classname="com.letKodeIt.statuses.usertimelinetest"/>
  <system-out/>
  <testcase name="userTimeLine" time="3.420" classname="com.letKodeIt.statuses.usertimelinetest"/>
  <system-out/>
</testsuite> <!-- com.letKodeIt.statuses.usertimelinetest -->
