<?xml version="1.0" encoding="UTF-8"?>
<!-- Generated by org.testng.reporters.JUnitReportReporter -->
<testsuite skipped="0" hostname="Aditya" name="com.letKodeIt.statuses.TwitterEndToEndWorkflow" tests="3" failures="0" timestamp="2020-12-24T11:35:58 IST" time="6.943" errors="0">
  <testcase name="postTweet" time="1.032" classname="com.letKodeIt.statuses.TwitterEndToEndWorkflow"/>
  <system-out/>
  <testcase name="deleteTweet" time="4.059" classname="com.letKodeIt.statuses.TwitterEndToEndWorkflow"/>
  <system-out/>
  <testcase name="readTweet" time="1.852" classname="com.letKodeIt.statuses.TwitterEndToEndWorkflow"/>
  <system-out/>
</testsuite> <!-- com.letKodeIt.statuses.TwitterEndToEndWorkflow -->
